# Logfile created on 2018-04-02 20:46:07 +0200 by logger.rb/61378
  INFO ---------------------------------------------------------------------------
  INFO START 2018-04-02 20:46:07 +0200 cap production deploy
  INFO ---------------------------------------------------------------------------
  INFO [28253482] Running /usr/bin/env mkdir -p /tmp as deploy@example.com
 DEBUG [28253482] Command: /usr/bin/env mkdir -p /tmp
  INFO [b0ea96c3] Running /usr/bin/env #<StringIO:0x00005612eae3cf80> /tmp/git-ssh-GKOnline-production-anthony.sh as deploy@example.com
 DEBUG [b0ea96c3] Command: /usr/bin/env #<StringIO:0x00005612eae3cf80> /tmp/git-ssh-GKOnline-production-anthony.sh
  INFO [67d20272] Running /usr/bin/env chmod 700 /tmp/git-ssh-GKOnline-production-anthony.sh as deploy@example.com
 DEBUG [67d20272] Command: /usr/bin/env chmod 700 /tmp/git-ssh-GKOnline-production-anthony.sh
  INFO [05634ef6] Running /usr/bin/env mkdir -p /tmp as anthony@gkonline.ga
 DEBUG [05634ef6] Command: /usr/bin/env mkdir -p /tmp
  INFO [186c2728] Running /usr/bin/env #<StringIO:0x00007fbff8009d48> /tmp/git-ssh-GKOnline-production-anthony.sh as anthony@gkonline.ga
 DEBUG [186c2728] Command: /usr/bin/env #<StringIO:0x00007fbff8009d48> /tmp/git-ssh-GKOnline-production-anthony.sh
  INFO [dbc7ee8d] Running /usr/bin/env chmod 700 /tmp/git-ssh-GKOnline-production-anthony.sh as anthony@gkonline.ga
 DEBUG [dbc7ee8d] Command: /usr/bin/env chmod 700 /tmp/git-ssh-GKOnline-production-anthony.sh
  INFO [a321e2bf] Running /usr/bin/env git ls-remote git@github.com:Selenuix/GKOnline.git HEAD as deploy@example.com
 DEBUG [a321e2bf] Command: ( export GIT_ASKPASS="/bin/echo" GIT_SSH="/tmp/git-ssh-GKOnline-production-anthony.sh" ; /usr/bin/env git ls-remote git@github.com:Selenuix/GKOnline.git HEAD )
  INFO [324baef1] Running /usr/bin/env git ls-remote git@github.com:Selenuix/GKOnline.git HEAD as anthony@gkonline.ga
 DEBUG [324baef1] Command: ( export GIT_ASKPASS="/bin/echo" GIT_SSH="/tmp/git-ssh-GKOnline-production-anthony.sh" ; /usr/bin/env git ls-remote git@github.com:Selenuix/GKOnline.git HEAD )
  INFO [bafa6975] Running /usr/bin/env mkdir -p /var/www/anthony/gkonline/shared /var/www/anthony/gkonline/releases as anthony@gkonline.ga
 DEBUG [bafa6975] Command: /usr/bin/env mkdir -p /var/www/anthony/gkonline/shared /var/www/anthony/gkonline/releases
  INFO [8569431b] Running /usr/bin/env mkdir -p /var/www/anthony/gkonline/shared /var/www/anthony/gkonline/releases as deploy@example.com
 DEBUG [8569431b] Command: /usr/bin/env mkdir -p /var/www/anthony/gkonline/shared /var/www/anthony/gkonline/releases
 DEBUG [84525c72] Running [ -f /var/www/anthony/gkonline/current/REVISION ] as anthony@gkonline.ga
 DEBUG [84525c72] Command: [ -f /var/www/anthony/gkonline/current/REVISION ]
 DEBUG [dec6c9b3] Running /usr/bin/env cat /var/www/anthony/gkonline/current/REVISION 2>/dev/null as anthony@gkonline.ga
 DEBUG [dec6c9b3] Command: /usr/bin/env cat /var/www/anthony/gkonline/current/REVISION 2>/dev/null
 DEBUG [4d75b12a] Running [ -f /var/www/anthony/gkonline/current/REVISION ] as deploy@example.com
 DEBUG [4d75b12a] Command: [ -f /var/www/anthony/gkonline/current/REVISION ]
 DEBUG [8bff5b97] Running /usr/bin/env cat /var/www/anthony/gkonline/current/REVISION 2>/dev/null as deploy@example.com
 DEBUG [8bff5b97] Command: /usr/bin/env cat /var/www/anthony/gkonline/current/REVISION 2>/dev/null
 DEBUG [c64e248f] Running [ -f /var/www/anthony/gkonline/repo/HEAD ] as anthony@gkonline.ga
 DEBUG [c64e248f] Command: [ -f /var/www/anthony/gkonline/repo/HEAD ]
  INFO The repository mirror is at /var/www/anthony/gkonline/repo
 DEBUG [4fe783d9] Running [ -f /var/www/anthony/gkonline/repo/HEAD ] as deploy@example.com
 DEBUG [4fe783d9] Command: [ -f /var/www/anthony/gkonline/repo/HEAD ]
  INFO The repository mirror is at /var/www/anthony/gkonline/repo
 DEBUG [13d52ae8] Running if test ! -d /var/www/anthony/gkonline/repo; then echo "Directory does not exist '/var/www/anthony/gkonline/repo'" 1>&2; false; fi as anthony@gkonline.ga
 DEBUG [13d52ae8] Command: if test ! -d /var/www/anthony/gkonline/repo; then echo "Directory does not exist '/var/www/anthony/gkonline/repo'" 1>&2; false; fi
  INFO [48d308a6] Running /usr/bin/env git remote set-url origin git@github.com:Selenuix/GKOnline.git as anthony@gkonline.ga
 DEBUG [48d308a6] Command: cd /var/www/anthony/gkonline/repo && ( export GIT_ASKPASS="/bin/echo" GIT_SSH="/tmp/git-ssh-GKOnline-production-anthony.sh" ; /usr/bin/env git remote set-url origin git@github.com:Selenuix/GKOnline.git )
 DEBUG [de9461b4] Running if test ! -d /var/www/anthony/gkonline/repo; then echo "Directory does not exist '/var/www/anthony/gkonline/repo'" 1>&2; false; fi as deploy@example.com
 DEBUG [de9461b4] Command: if test ! -d /var/www/anthony/gkonline/repo; then echo "Directory does not exist '/var/www/anthony/gkonline/repo'" 1>&2; false; fi
  INFO [d62ee5bd] Running /usr/bin/env git remote set-url origin git@github.com:Selenuix/GKOnline.git as deploy@example.com
 DEBUG [d62ee5bd] Command: cd /var/www/anthony/gkonline/repo && ( export GIT_ASKPASS="/bin/echo" GIT_SSH="/tmp/git-ssh-GKOnline-production-anthony.sh" ; /usr/bin/env git remote set-url origin git@github.com:Selenuix/GKOnline.git )
  INFO [27d1ee64] Running /usr/bin/env git remote update --prune as deploy@example.com
 DEBUG [27d1ee64] Command: cd /var/www/anthony/gkonline/repo && ( export GIT_ASKPASS="/bin/echo" GIT_SSH="/tmp/git-ssh-GKOnline-production-anthony.sh" ; /usr/bin/env git remote update --prune )
  INFO [fdd7668b] Running /usr/bin/env git remote update --prune as anthony@gkonline.ga
 DEBUG [fdd7668b] Command: cd /var/www/anthony/gkonline/repo && ( export GIT_ASKPASS="/bin/echo" GIT_SSH="/tmp/git-ssh-GKOnline-production-anthony.sh" ; /usr/bin/env git remote update --prune )
 DEBUG [84991b0e] Running if test ! -d /var/www/anthony/gkonline/repo; then echo "Directory does not exist '/var/www/anthony/gkonline/repo'" 1>&2; false; fi as anthony@gkonline.ga
 DEBUG [84991b0e] Command: if test ! -d /var/www/anthony/gkonline/repo; then echo "Directory does not exist '/var/www/anthony/gkonline/repo'" 1>&2; false; fi
  INFO [a1524a16] Running /usr/bin/env mkdir -p /var/www/anthony/gkonline/releases/20180402184657 as anthony@gkonline.ga
 DEBUG [a1524a16] Command: cd /var/www/anthony/gkonline/repo && ( export GIT_ASKPASS="/bin/echo" GIT_SSH="/tmp/git-ssh-GKOnline-production-anthony.sh" ; /usr/bin/env mkdir -p /var/www/anthony/gkonline/releases/20180402184657 )
  INFO [52d604b2] Running /usr/bin/env git archive develop | /usr/bin/env tar -x -f - -C /var/www/anthony/gkonline/releases/20180402184657 as anthony@gkonline.ga
 DEBUG [52d604b2] Command: cd /var/www/anthony/gkonline/repo && ( export GIT_ASKPASS="/bin/echo" GIT_SSH="/tmp/git-ssh-GKOnline-production-anthony.sh" ; /usr/bin/env git archive develop | /usr/bin/env tar -x -f - -C /var/www/anthony/gkonline/releases/20180402184657 )
 DEBUG [eec5f0a3] Running if test ! -d /var/www/anthony/gkonline/repo; then echo "Directory does not exist '/var/www/anthony/gkonline/repo'" 1>&2; false; fi as deploy@example.com
 DEBUG [eec5f0a3] Command: if test ! -d /var/www/anthony/gkonline/repo; then echo "Directory does not exist '/var/www/anthony/gkonline/repo'" 1>&2; false; fi
  INFO [b2f0e8c5] Running /usr/bin/env mkdir -p /var/www/anthony/gkonline/releases/20180402184657 as deploy@example.com
 DEBUG [b2f0e8c5] Command: cd /var/www/anthony/gkonline/repo && ( export GIT_ASKPASS="/bin/echo" GIT_SSH="/tmp/git-ssh-GKOnline-production-anthony.sh" ; /usr/bin/env mkdir -p /var/www/anthony/gkonline/releases/20180402184657 )
  INFO [80a74e81] Running /usr/bin/env git archive develop | /usr/bin/env tar -x -f - -C /var/www/anthony/gkonline/releases/20180402184657 as deploy@example.com
 DEBUG [80a74e81] Command: cd /var/www/anthony/gkonline/repo && ( export GIT_ASKPASS="/bin/echo" GIT_SSH="/tmp/git-ssh-GKOnline-production-anthony.sh" ; /usr/bin/env git archive develop | /usr/bin/env tar -x -f - -C /var/www/anthony/gkonline/releases/20180402184657 )
 DEBUG [cb576d7b] Running if test ! -d /var/www/anthony/gkonline/repo; then echo "Directory does not exist '/var/www/anthony/gkonline/repo'" 1>&2; false; fi as anthony@gkonline.ga
 DEBUG [cb576d7b] Command: if test ! -d /var/www/anthony/gkonline/repo; then echo "Directory does not exist '/var/www/anthony/gkonline/repo'" 1>&2; false; fi
 DEBUG [b4ef6226] Running /usr/bin/env git rev-list --max-count=1 develop as anthony@gkonline.ga
 DEBUG [b4ef6226] Command: cd /var/www/anthony/gkonline/repo && ( export GIT_ASKPASS="/bin/echo" GIT_SSH="/tmp/git-ssh-GKOnline-production-anthony.sh" ; /usr/bin/env git rev-list --max-count=1 develop )
 DEBUG [992b9f74] Running if test ! -d /var/www/anthony/gkonline/repo; then echo "Directory does not exist '/var/www/anthony/gkonline/repo'" 1>&2; false; fi as deploy@example.com
 DEBUG [992b9f74] Command: if test ! -d /var/www/anthony/gkonline/repo; then echo "Directory does not exist '/var/www/anthony/gkonline/repo'" 1>&2; false; fi
 DEBUG [7054372b] Running /usr/bin/env git rev-list --max-count=1 develop as deploy@example.com
 DEBUG [7054372b] Command: cd /var/www/anthony/gkonline/repo && ( export GIT_ASKPASS="/bin/echo" GIT_SSH="/tmp/git-ssh-GKOnline-production-anthony.sh" ; /usr/bin/env git rev-list --max-count=1 develop )
 DEBUG [5ef78b91] Running if test ! -d /var/www/anthony/gkonline/releases/20180402184657; then echo "Directory does not exist '/var/www/anthony/gkonline/releases/20180402184657'" 1>&2; false; fi as anthony@gkonline.ga
 DEBUG [5ef78b91] Command: if test ! -d /var/www/anthony/gkonline/releases/20180402184657; then echo "Directory does not exist '/var/www/anthony/gkonline/releases/20180402184657'" 1>&2; false; fi
  INFO [3a6a4ba5] Running /usr/bin/env echo "" >> REVISION as anthony@gkonline.ga
 DEBUG [3a6a4ba5] Command: cd /var/www/anthony/gkonline/releases/20180402184657 && /usr/bin/env echo "" >> REVISION
 DEBUG [4c0183be] Running if test ! -d /var/www/anthony/gkonline/releases/20180402184657; then echo "Directory does not exist '/var/www/anthony/gkonline/releases/20180402184657'" 1>&2; false; fi as deploy@example.com
 DEBUG [4c0183be] Command: if test ! -d /var/www/anthony/gkonline/releases/20180402184657; then echo "Directory does not exist '/var/www/anthony/gkonline/releases/20180402184657'" 1>&2; false; fi
  INFO [b08c285f] Running /usr/bin/env echo "" >> REVISION as deploy@example.com
 DEBUG [b08c285f] Command: cd /var/www/anthony/gkonline/releases/20180402184657 && /usr/bin/env echo "" >> REVISION
  INFO [08dfd8b7] Running /usr/bin/env ln -s /var/www/anthony/gkonline/releases/20180402184657 /var/www/anthony/gkonline/releases/current as anthony@gkonline.ga
 DEBUG [08dfd8b7] Command: /usr/bin/env ln -s /var/www/anthony/gkonline/releases/20180402184657 /var/www/anthony/gkonline/releases/current
  INFO [9c850515] Running /usr/bin/env mv /var/www/anthony/gkonline/releases/current /var/www/anthony/gkonline as anthony@gkonline.ga
 DEBUG [9c850515] Command: /usr/bin/env mv /var/www/anthony/gkonline/releases/current /var/www/anthony/gkonline
  INFO [23d7f138] Running /usr/bin/env ln -s /var/www/anthony/gkonline/releases/20180402184657 /var/www/anthony/gkonline/releases/current as deploy@example.com
 DEBUG [23d7f138] Command: /usr/bin/env ln -s /var/www/anthony/gkonline/releases/20180402184657 /var/www/anthony/gkonline/releases/current
  INFO [c866e432] Running /usr/bin/env mv /var/www/anthony/gkonline/releases/current /var/www/anthony/gkonline as deploy@example.com
 DEBUG [c866e432] Command: /usr/bin/env mv /var/www/anthony/gkonline/releases/current /var/www/anthony/gkonline
 DEBUG [31c82284] Running /usr/bin/env ls -x /var/www/anthony/gkonline/releases as deploy@example.com
 DEBUG [31c82284] Command: /usr/bin/env ls -x /var/www/anthony/gkonline/releases
 DEBUG [79c82b7a] Running /usr/bin/env ls -x /var/www/anthony/gkonline/releases as anthony@gkonline.ga
 DEBUG [79c82b7a] Command: /usr/bin/env ls -x /var/www/anthony/gkonline/releases
 DEBUG [f45b8df8] Running if test ! -d /var/www/anthony/gkonline/releases; then echo "Directory does not exist '/var/www/anthony/gkonline/releases'" 1>&2; false; fi as deploy@example.com
 DEBUG [f45b8df8] Command: if test ! -d /var/www/anthony/gkonline/releases; then echo "Directory does not exist '/var/www/anthony/gkonline/releases'" 1>&2; false; fi
  INFO [366ccd17] Running /usr/bin/env echo "Branch develop (at ) deployed as release 20180402184657 by anthony" >> /var/www/anthony/gkonline/revisions.log as deploy@example.com
 DEBUG [366ccd17] Command: cd /var/www/anthony/gkonline/releases && /usr/bin/env echo "Branch develop (at ) deployed as release 20180402184657 by anthony" >> /var/www/anthony/gkonline/revisions.log
 DEBUG [a9442867] Running if test ! -d /var/www/anthony/gkonline/releases; then echo "Directory does not exist '/var/www/anthony/gkonline/releases'" 1>&2; false; fi as anthony@gkonline.ga
 DEBUG [a9442867] Command: if test ! -d /var/www/anthony/gkonline/releases; then echo "Directory does not exist '/var/www/anthony/gkonline/releases'" 1>&2; false; fi
  INFO [985b4900] Running /usr/bin/env echo "Branch develop (at ) deployed as release 20180402184657 by anthony" >> /var/www/anthony/gkonline/revisions.log as anthony@gkonline.ga
 DEBUG [985b4900] Command: cd /var/www/anthony/gkonline/releases && /usr/bin/env echo "Branch develop (at ) deployed as release 20180402184657 by anthony" >> /var/www/anthony/gkonline/revisions.log
  INFO ---------------------------------------------------------------------------
  INFO START 2018-04-02 20:48:20 +0200 cap production deploy
  INFO ---------------------------------------------------------------------------
  INFO [d62b934f] Running /usr/bin/env mkdir -p /tmp as anthony@gkonline.ga
 DEBUG [d62b934f] Command: /usr/bin/env mkdir -p /tmp
  INFO [a04cfd7b] Running /usr/bin/env #<StringIO:0x00007fd2c8007cb8> /tmp/git-ssh-GKOnline-production-anthony.sh as anthony@gkonline.ga
 DEBUG [a04cfd7b] Command: /usr/bin/env #<StringIO:0x00007fd2c8007cb8> /tmp/git-ssh-GKOnline-production-anthony.sh
  INFO [baa46a2a] Running /usr/bin/env chmod 700 /tmp/git-ssh-GKOnline-production-anthony.sh as anthony@gkonline.ga
 DEBUG [baa46a2a] Command: /usr/bin/env chmod 700 /tmp/git-ssh-GKOnline-production-anthony.sh
